<?xml version="1.0" encoding="UTF-8"?>
<!-- Generated by org.testng.reporters.JUnitReportReporter -->
<testsuite hostname="DESKTOP-4CL0PK3" failures="0" tests="1" name="com.actitime.testscript.DemoTestng" time="0.021" errors="0" timestamp="2023-08-29T18:36:59 IST" skipped="0">
  <testcase classname="com.actitime.testscript.DemoTestng" name="demo" time="0.021">
    <system-out>
      <![CDATA[hi]]>
    </system-out>
  </testcase> <!-- demo -->
  <system-out>
    <![CDATA[hi]]>
  </system-out>
</testsuite> <!-- com.actitime.testscript.DemoTestng -->
