<?xml version="1.0" encoding="UTF-8"?>
<!-- Generated by org.testng.reporters.JUnitReportReporter -->
<testsuite hostname="DESKTOP-4CL0PK3" failures="0" tests="3" name="com.actitime.testscript.customerModule1" time="0.013" errors="0" timestamp="2023-08-29T19:22:01 IST" skipped="0">
  <testcase classname="com.actitime.testscript.customerModule1" name="modifycustomer" time="0.011">
    <system-out>
      <![CDATA[modify customer]]>
    </system-out>
  </testcase> <!-- modifycustomer -->
  <testcase classname="com.actitime.testscript.customerModule1" name="createcustomer" time="0.001">
    <system-out>
      <![CDATA[create customer]]>
    </system-out>
  </testcase> <!-- createcustomer -->
  <testcase classname="com.actitime.testscript.customerModule1" name="deletecustomer" time="0.001">
    <system-out>
      <![CDATA[delete customer]]>
    </system-out>
  </testcase> <!-- deletecustomer -->
  <system-out>
    <![CDATA[modify customer
create customer
delete customer]]>
  </system-out>
</testsuite> <!-- com.actitime.testscript.customerModule1 -->
